# JRE version: Java(TM) SE Runtime Environment (8.0_231-b11) (build 1.8.0_231-b11)
# Java VM: Java HotSpot(TM) 64-Bit Server VM (25.231-b11 mixed mode windows-amd64 compressed oops)
Heap:
 PSYoungGen      total 396288K, used 18282K [0x000000076b780000, 0x0000000784d00000, 0x00000007c0000000)
  eden space 377344K, 4% used [0x000000076b780000,0x000000076c95aa50,0x0000000782800000)
  from space 18944K, 0% used [0x0000000782800000,0x0000000782800000,0x0000000783a80000)
  to   space 16896K, 0% used [0x0000000783c80000,0x0000000783c80000,0x0000000784d00000)
 ParOldGen       total 275968K, used 72220K [0x00000006c2600000, 0x00000006d3380000, 0x000000076b780000)
  object space 275968K, 26% used [0x00000006c2600000,0x00000006c6c87168,0x00000006d3380000)
 Metaspace       used 61125K, capacity 63258K, committed 63576K, reserved 1105920K
  class space    used 7878K, capacity 8232K, committed 8320K, reserved 1048576K
GC Heap History (10 events):
Event: 19.072 GC heap before
{Heap before GC invocations=17 (full 2):
 PSYoungGen      total 394240K, used 389504K [0x000000076b780000, 0x0000000784d00000, 0x00000007c0000000)
  eden space 377344K, 100% used [0x000000076b780000,0x0000000782800000,0x0000000782800000)
  from space 16896K, 71% used [0x0000000783c80000,0x0000000784860000,0x0000000784d00000)
  to   space 18944K, 0% used [0x0000000782800000,0x0000000782800000,0x0000000783a80000)
 ParOldGen       total 167936K, used 34444K [0x00000006c2600000, 0x00000006cca00000, 0x000000076b780000)
  object space 167936K, 20% used [0x00000006c2600000,0x00000006c47a30e8,0x00000006cca00000)
 Metaspace       used 49287K, capacity 50946K, committed 51160K, reserved 1093632K
  class space    used 6341K, capacity 6644K, committed 6656K, reserved 1048576K
Event: 19.115 GC heap after
Heap after GC invocations=17 (full 2):
 PSYoungGen      total 396288K, used 18912K [0x000000076b780000, 0x0000000784d00000, 0x00000007c0000000)
  eden space 377344K, 0% used [0x000000076b780000,0x000000076b780000,0x0000000782800000)
  from space 18944K, 99% used [0x0000000782800000,0x0000000783a78030,0x0000000783a80000)
  to   space 16896K, 0% used [0x0000000783c80000,0x0000000783c80000,0x0000000784d00000)
 ParOldGen       total 167936K, used 48834K [0x00000006c2600000, 0x00000006cca00000, 0x000000076b780000)
  object space 167936K, 29% used [0x00000006c2600000,0x00000006c55b09a0,0x00000006cca00000)
 Metaspace       used 49287K, capacity 50946K, committed 51160K, reserved 1093632K
  class space    used 6341K, capacity 6644K, committed 6656K, reserved 1048576K
}
Event: 21.877 GC heap before
{Heap before GC invocations=18 (full 2):
 PSYoungGen      total 396288K, used 221542K [0x000000076b780000, 0x0000000784d00000, 0x00000007c0000000)
  eden space 377344K, 53% used [0x000000076b780000,0x0000000777d618d0,0x0000000782800000)
  from space 18944K, 99% used [0x0000000782800000,0x0000000783a78030,0x0000000783a80000)
  to   space 16896K, 0% used [0x0000000783c80000,0x0000000783c80000,0x0000000784d00000)
 ParOldGen       total 167936K, used 48834K [0x00000006c2600000, 0x00000006cca00000, 0x000000076b780000)
  object space 167936K, 29% used [0x00000006c2600000,0x00000006c55b09a0,0x00000006cca00000)
 Metaspace       used 56851K, capacity 58868K, committed 59028K, reserved 1101824K
  class space    used 7260K, capacity 7607K, committed 7680K, reserved 1048576K
Event: 21.912 GC heap after
Heap after GC invocations=18 (full 2):
 PSYoungGen      total 394240K, used 12167K [0x000000076b780000, 0x0000000784d00000, 0x00000007c0000000)
  eden space 377344K, 0% used [0x000000076b780000,0x000000076b780000,0x0000000782800000)
  from space 16896K, 72% used [0x0000000783c80000,0x0000000784861e48,0x0000000784d00000)
  to   space 18944K, 0% used [0x0000000782800000,0x0000000782800000,0x0000000783a80000)
 ParOldGen       total 167936K, used 68005K [0x00000006c2600000, 0x00000006cca00000, 0x000000076b780000)
  object space 167936K, 40% used [0x00000006c2600000,0x00000006c6869740,0x00000006cca00000)
 Metaspace       used 56851K, capacity 58868K, committed 59028K, reserved 1101824K
  class space    used 7260K, capacity 7607K, committed 7680K, reserved 1048576K
}
Event: 21.912 GC heap before
{Heap before GC invocations=19 (full 3):
 PSYoungGen      total 394240K, used 12167K [0x000000076b780000, 0x0000000784d00000, 0x00000007c0000000)
  eden space 377344K, 0% used [0x000000076b780000,0x000000076b780000,0x0000000782800000)
  from space 16896K, 72% used [0x0000000783c80000,0x0000000784861e48,0x0000000784d00000)
  to   space 18944K, 0% used [0x0000000782800000,0x0000000782800000,0x0000000783a80000)
 ParOldGen       total 167936K, used 68005K [0x00000006c2600000, 0x00000006cca00000, 0x000000076b780000)
  object space 167936K, 40% used [0x00000006c2600000,0x00000006c6869740,0x00000006cca00000)
 Metaspace       used 56851K, capacity 58868K, committed 59028K, reserved 1101824K
  class space    used 7260K, capacity 7607K, committed 7680K, reserved 1048576K
Event: 22.355 GC heap after
Heap after GC invocations=19 (full 3):
 PSYoungGen      total 394240K, used 0K [0x000000076b780000, 0x0000000784d00000, 0x00000007c0000000)
  eden space 377344K, 0% used [0x000000076b780000,0x000000076b780000,0x0000000782800000)
  from space 16896K, 0% used [0x0000000783c80000,0x0000000783c80000,0x0000000784d00000)
  to   space 18944K, 0% used [0x0000000782800000,0x0000000782800000,0x0000000783a80000)
 ParOldGen       total 275968K, used 73233K [0x00000006c2600000, 0x00000006d3380000, 0x000000076b780000)
  object space 275968K, 26% used [0x00000006c2600000,0x00000006c6d84728,0x00000006d3380000)
 Metaspace       used 56851K, capacity 58868K, committed 59028K, reserved 1101824K
  class space    used 7260K, capacity 7607K, committed 7680K, reserved 1048576K
}
Event: 23.716 GC heap before
{Heap before GC invocations=20 (full 3):
 PSYoungGen      total 394240K, used 60165K [0x000000076b780000, 0x0000000784d00000, 0x00000007c0000000)
  eden space 377344K, 15% used [0x000000076b780000,0x000000076f241750,0x0000000782800000)
  from space 16896K, 0% used [0x0000000783c80000,0x0000000783c80000,0x0000000784d00000)
  to   space 18944K, 0% used [0x0000000782800000,0x0000000782800000,0x0000000783a80000)
 ParOldGen       total 275968K, used 73233K [0x00000006c2600000, 0x00000006d3380000, 0x000000076b780000)
  object space 275968K, 26% used [0x00000006c2600000,0x00000006c6d84728,0x00000006d3380000)
 Metaspace       used 60864K, capacity 62938K, committed 63064K, reserved 1107968K
  class space    used 7836K, capacity 8216K, committed 8320K, reserved 1048576K
Event: 23.726 GC heap after
Heap after GC invocations=20 (full 3):
 PSYoungGen      total 396288K, used 4090K [0x000000076b780000, 0x0000000784d00000, 0x00000007c0000000)
  eden space 377344K, 0% used [0x000000076b780000,0x000000076b780000,0x0000000782800000)
  from space 18944K, 21% used [0x0000000782800000,0x0000000782bfea18,0x0000000783a80000)
  to   space 16896K, 0% used [0x0000000783c80000,0x0000000783c80000,0x0000000784d00000)
 ParOldGen       total 275968K, used 73233K [0x00000006c2600000, 0x00000006d3380000, 0x000000076b780000)
  object space 275968K, 26% used [0x00000006c2600000,0x00000006c6d84728,0x00000006d3380000)
 Metaspace       used 60864K, capacity 62938K, committed 63064K, reserved 1107968K
  class space    used 7836K, capacity 8216K, committed 8320K, reserved 1048576K
}
Event: 23.726 GC heap before
{Heap before GC invocations=21 (full 4):
 PSYoungGen      total 396288K, used 4090K [0x000000076b780000, 0x0000000784d00000, 0x00000007c0000000)
  eden space 377344K, 0% used [0x000000076b780000,0x000000076b780000,0x0000000782800000)
  from space 18944K, 21% used [0x0000000782800000,0x0000000782bfea18,0x0000000783a80000)
  to   space 16896K, 0% used [0x0000000783c80000,0x0000000783c80000,0x0000000784d00000)
 ParOldGen       total 275968K, used 73233K [0x00000006c2600000, 0x00000006d3380000, 0x000000076b780000)
  object space 275968K, 26% used [0x00000006c2600000,0x00000006c6d84728,0x00000006d3380000)
 Metaspace       used 60864K, capacity 62938K, committed 63064K, reserved 1107968K
  class space    used 7836K, capacity 8216K, committed 8320K, reserved 1048576K
Event: 23.932 GC heap after
Heap after GC invocations=21 (full 4):
 PSYoungGen      total 396288K, used 0K [0x000000076b780000, 0x0000000784d00000, 0x00000007c0000000)
  eden space 377344K, 0% used [0x000000076b780000,0x000000076b780000,0x0000000782800000)
  from space 18944K, 0% used [0x0000000782800000,0x0000000782800000,0x0000000783a80000)
  to   space 16896K, 0% used [0x0000000783c80000,0x0000000783c80000,0x0000000784d00000)
 ParOldGen       total 275968K, used 72220K [0x00000006c2600000, 0x00000006d3380000, 0x000000076b780000)
  object space 275968K, 26% used [0x00000006c2600000,0x00000006c6c87168,0x00000006d3380000)
 Metaspace       used 60864K, capacity 62938K, committed 63064K, reserved 1105920K
  class space    used 7836K, capacity 8216K, committed 8320K, reserved 1048576K
}

