# JRE version: Java(TM) SE Runtime Environment (8.0_231-b11) (build 1.8.0_231-b11)
# Java VM: Java HotSpot(TM) 64-Bit Server VM (25.231-b11 mixed mode windows-amd64 compressed oops)
Heap:
 PSYoungGen      total 463360K, used 40652K [0x000000076b780000, 0x0000000788e80000, 0x00000007c0000000)
  eden space 444416K, 9% used [0x000000076b780000,0x000000076df33388,0x0000000786980000)
  from space 18944K, 0% used [0x0000000786980000,0x0000000786980000,0x0000000787c00000)
  to   space 13312K, 0% used [0x0000000788180000,0x0000000788180000,0x0000000788e80000)
 ParOldGen       total 157696K, used 73513K [0x00000006c2600000, 0x00000006cc000000, 0x000000076b780000)
  object space 157696K, 46% used [0x00000006c2600000,0x00000006c6dca6a0,0x00000006cc000000)
 Metaspace       used 59271K, capacity 61370K, committed 61720K, reserved 1103872K
  class space    used 7508K, capacity 7864K, committed 7968K, reserved 1048576K
GC Heap History (10 events):
Event: 14.850 GC heap before
{Heap before GC invocations=14 (full 2):
 PSYoungGen      total 327168K, used 313842K [0x000000076b780000, 0x0000000789480000, 0x00000007c0000000)
  eden space 307712K, 100% used [0x000000076b780000,0x000000077e400000,0x000000077e400000)
  from space 19456K, 31% used [0x000000077e400000,0x000000077e9fc818,0x000000077f700000)
  to   space 19456K, 0% used [0x0000000788180000,0x0000000788180000,0x0000000789480000)
 ParOldGen       total 157696K, used 36013K [0x00000006c2600000, 0x00000006cc000000, 0x000000076b780000)
  object space 157696K, 22% used [0x00000006c2600000,0x00000006c492b658,0x00000006cc000000)
 Metaspace       used 49038K, capacity 50722K, committed 50984K, reserved 1093632K
  class space    used 6302K, capacity 6612K, committed 6704K, reserved 1048576K
Event: 14.856 GC heap after
Heap after GC invocations=14 (full 2):
 PSYoungGen      total 457728K, used 5728K [0x000000076b780000, 0x0000000788e80000, 0x00000007c0000000)
  eden space 444416K, 0% used [0x000000076b780000,0x000000076b780000,0x0000000786980000)
  from space 13312K, 43% used [0x0000000788180000,0x0000000788718000,0x0000000788e80000)
  to   space 18944K, 0% used [0x0000000786980000,0x0000000786980000,0x0000000787c00000)
 ParOldGen       total 157696K, used 36647K [0x00000006c2600000, 0x00000006cc000000, 0x000000076b780000)
  object space 157696K, 23% used [0x00000006c2600000,0x00000006c49c9e70,0x00000006cc000000)
 Metaspace       used 49038K, capacity 50722K, committed 50984K, reserved 1093632K
  class space    used 6302K, capacity 6612K, committed 6704K, reserved 1048576K
}
Event: 15.360 GC heap before
{Heap before GC invocations=15 (full 2):
 PSYoungGen      total 457728K, used 450144K [0x000000076b780000, 0x0000000788e80000, 0x00000007c0000000)
  eden space 444416K, 100% used [0x000000076b780000,0x0000000786980000,0x0000000786980000)
  from space 13312K, 43% used [0x0000000788180000,0x0000000788718000,0x0000000788e80000)
  to   space 18944K, 0% used [0x0000000786980000,0x0000000786980000,0x0000000787c00000)
 ParOldGen       total 157696K, used 36647K [0x00000006c2600000, 0x00000006cc000000, 0x000000076b780000)
  object space 157696K, 23% used [0x00000006c2600000,0x00000006c49c9e70,0x00000006cc000000)
 Metaspace       used 49080K, capacity 50722K, committed 50984K, reserved 1093632K
  class space    used 6309K, capacity 6612K, committed 6704K, reserved 1048576K
Event: 15.368 GC heap after
Heap after GC invocations=15 (full 2):
 PSYoungGen      total 463360K, used 6688K [0x000000076b780000, 0x0000000788e80000, 0x00000007c0000000)
  eden space 444416K, 0% used [0x000000076b780000,0x000000076b780000,0x0000000786980000)
  from space 18944K, 35% used [0x0000000786980000,0x0000000787008000,0x0000000787c00000)
  to   space 13312K, 0% used [0x0000000788180000,0x0000000788180000,0x0000000788e80000)
 ParOldGen       total 157696K, used 36711K [0x00000006c2600000, 0x00000006cc000000, 0x000000076b780000)
  object space 157696K, 23% used [0x00000006c2600000,0x00000006c49d9e70,0x00000006cc000000)
 Metaspace       used 49080K, capacity 50722K, committed 50984K, reserved 1093632K
  class space    used 6309K, capacity 6612K, committed 6704K, reserved 1048576K
}
Event: 15.920 GC heap before
{Heap before GC invocations=16 (full 2):
 PSYoungGen      total 463360K, used 451104K [0x000000076b780000, 0x0000000788e80000, 0x00000007c0000000)
  eden space 444416K, 100% used [0x000000076b780000,0x0000000786980000,0x0000000786980000)
  from space 18944K, 35% used [0x0000000786980000,0x0000000787008000,0x0000000787c00000)
  to   space 13312K, 0% used [0x0000000788180000,0x0000000788180000,0x0000000788e80000)
 ParOldGen       total 157696K, used 36711K [0x00000006c2600000, 0x00000006cc000000, 0x000000076b780000)
  object space 157696K, 23% used [0x00000006c2600000,0x00000006c49d9e70,0x00000006cc000000)
 Metaspace       used 49263K, capacity 50946K, committed 51240K, reserved 1093632K
  class space    used 6333K, capacity 6644K, committed 6704K, reserved 1048576K
Event: 15.962 GC heap after
Heap after GC invocations=16 (full 2):
 PSYoungGen      total 457728K, used 13312K [0x000000076b780000, 0x0000000788e80000, 0x00000007c0000000)
  eden space 444416K, 0% used [0x000000076b780000,0x000000076b780000,0x0000000786980000)
  from space 13312K, 100% used [0x0000000788180000,0x0000000788e80000,0x0000000788e80000)
  to   space 18944K, 0% used [0x0000000786980000,0x0000000786980000,0x0000000787c00000)
 ParOldGen       total 157696K, used 55709K [0x00000006c2600000, 0x00000006cc000000, 0x000000076b780000)
  object space 157696K, 35% used [0x00000006c2600000,0x00000006c5c677e8,0x00000006cc000000)
 Metaspace       used 49263K, capacity 50946K, committed 51240K, reserved 1093632K
  class space    used 6333K, capacity 6644K, committed 6704K, reserved 1048576K
}
Event: 18.227 GC heap before
{Heap before GC invocations=17 (full 2):
 PSYoungGen      total 457728K, used 246874K [0x000000076b780000, 0x0000000788e80000, 0x00000007c0000000)
  eden space 444416K, 52% used [0x000000076b780000,0x0000000779b96b98,0x0000000786980000)
  from space 13312K, 100% used [0x0000000788180000,0x0000000788e80000,0x0000000788e80000)
  to   space 18944K, 0% used [0x0000000786980000,0x0000000786980000,0x0000000787c00000)
 ParOldGen       total 157696K, used 55709K [0x00000006c2600000, 0x00000006cc000000, 0x000000076b780000)
  object space 157696K, 35% used [0x00000006c2600000,0x00000006c5c677e8,0x00000006cc000000)
 Metaspace       used 56930K, capacity 58996K, committed 59160K, reserved 1101824K
  class space    used 7265K, capacity 7607K, committed 7712K, reserved 1048576K
Event: 18.261 GC heap after
Heap after GC invocations=17 (full 2):
 PSYoungGen      total 463360K, used 13707K [0x000000076b780000, 0x0000000788e80000, 0x00000007c0000000)
  eden space 444416K, 0% used [0x000000076b780000,0x000000076b780000,0x0000000786980000)
  from space 18944K, 72% used [0x0000000786980000,0x00000007876e2fe8,0x0000000787c00000)
  to   space 13312K, 0% used [0x0000000788180000,0x0000000788180000,0x0000000788e80000)
 ParOldGen       total 157696K, used 69173K [0x00000006c2600000, 0x00000006cc000000, 0x000000076b780000)
  object space 157696K, 43% used [0x00000006c2600000,0x00000006c698d7e8,0x00000006cc000000)
 Metaspace       used 56930K, capacity 58996K, committed 59160K, reserved 1101824K
  class space    used 7265K, capacity 7607K, committed 7712K, reserved 1048576K
}
Event: 18.261 GC heap before
{Heap before GC invocations=18 (full 3):
 PSYoungGen      total 463360K, used 13707K [0x000000076b780000, 0x0000000788e80000, 0x00000007c0000000)
  eden space 444416K, 0% used [0x000000076b780000,0x000000076b780000,0x0000000786980000)
  from space 18944K, 72% used [0x0000000786980000,0x00000007876e2fe8,0x0000000787c00000)
  to   space 13312K, 0% used [0x0000000788180000,0x0000000788180000,0x0000000788e80000)
 ParOldGen       total 157696K, used 69173K [0x00000006c2600000, 0x00000006cc000000, 0x000000076b780000)
  object space 157696K, 43% used [0x00000006c2600000,0x00000006c698d7e8,0x00000006cc000000)
 Metaspace       used 56930K, capacity 58996K, committed 59160K, reserved 1101824K
  class space    used 7265K, capacity 7607K, committed 7712K, reserved 1048576K
Event: 18.692 GC heap after
Heap after GC invocations=18 (full 3):
 PSYoungGen      total 463360K, used 0K [0x000000076b780000, 0x0000000788e80000, 0x00000007c0000000)
  eden space 444416K, 0% used [0x000000076b780000,0x000000076b780000,0x0000000786980000)
  from space 18944K, 0% used [0x0000000786980000,0x0000000786980000,0x0000000787c00000)
  to   space 13312K, 0% used [0x0000000788180000,0x0000000788180000,0x0000000788e80000)
 ParOldGen       total 157696K, used 73513K [0x00000006c2600000, 0x00000006cc000000, 0x000000076b780000)
  object space 157696K, 46% used [0x00000006c2600000,0x00000006c6dca6a0,0x00000006cc000000)
 Metaspace       used 56930K, capacity 58996K, committed 59160K, reserved 1101824K
  class space    used 7265K, capacity 7607K, committed 7712K, reserved 1048576K
}

